2018-08-01 10:55:59,462 INFO o.a.j.u.JMeterUtils: Setting Locale to en_EN
2018-08-01 10:55:59,536 INFO o.a.j.JMeter: Loading user properties from: D:\usr\apache-jmeter-4.0\bin\user.properties
2018-08-01 10:55:59,557 INFO o.a.j.JMeter: Loading system properties from: D:\usr\apache-jmeter-4.0\bin\system.properties
2018-08-01 10:55:59,624 INFO o.a.j.JMeter: Copyright (c) 1998-2018 The Apache Software Foundation
2018-08-01 10:55:59,625 INFO o.a.j.JMeter: Version 4.0 r1823414
2018-08-01 10:55:59,625 INFO o.a.j.JMeter: java.version=1.8.0_66
2018-08-01 10:55:59,625 INFO o.a.j.JMeter: java.vm.name=Java HotSpot(TM) 64-Bit Server VM
2018-08-01 10:55:59,625 INFO o.a.j.JMeter: os.name=Windows 7
2018-08-01 10:55:59,626 INFO o.a.j.JMeter: os.arch=amd64
2018-08-01 10:55:59,626 INFO o.a.j.JMeter: os.version=6.1
2018-08-01 10:55:59,626 INFO o.a.j.JMeter: file.encoding=GBK
2018-08-01 10:55:59,626 INFO o.a.j.JMeter: Max memory     =1073741824
2018-08-01 10:55:59,626 INFO o.a.j.JMeter: Available Processors =2
2018-08-01 10:55:59,737 INFO o.a.j.JMeter: Default Locale=English (EN)
2018-08-01 10:55:59,738 INFO o.a.j.JMeter: JMeter  Locale=English (EN)
2018-08-01 10:55:59,738 INFO o.a.j.JMeter: JMeterHome=D:\usr\apache-jmeter-4.0
2018-08-01 10:55:59,738 INFO o.a.j.JMeter: user.dir  =D:\code\jmeter\iotrvms
2018-08-01 10:55:59,739 INFO o.a.j.JMeter: PWD       =D:\code\jmeter\iotrvms
2018-08-01 10:55:59,753 INFO o.a.j.JMeter: IP: 192.168.150.6 Name: USER-20180621PV FullName: USER-20180621PV
2018-08-01 10:55:59,764 INFO o.a.j.JMeter: Setting property 'jmeter.reportgenerator.outputdir' to:'D:\code\jmeter\iotrvms\result'
2018-08-01 10:55:59,872 INFO o.a.j.s.FileServer: Default base='D:\code\jmeter\iotrvms'
2018-08-01 10:56:00,356 INFO o.a.j.s.FileServer: Set new base='D:\code\jmeter\iotrvms'
2018-08-01 10:56:01,978 INFO o.a.j.s.SaveService: Testplan (JMX) version: 2.2. Testlog (JTL) version: 2.2
2018-08-01 10:56:02,078 INFO o.a.j.s.SaveService: Using SaveService properties file encoding UTF-8
2018-08-01 10:56:02,106 INFO o.a.j.s.SaveService: Using SaveService properties version 4.0
2018-08-01 10:56:02,126 INFO o.a.j.s.SaveService: Loading file: iotvms.jmx
2018-08-01 10:56:02,443 INFO o.a.j.p.h.s.HTTPSamplerBase: Parser for text/html is org.apache.jmeter.protocol.http.parser.LagartoBasedHtmlParser
2018-08-01 10:56:02,443 INFO o.a.j.p.h.s.HTTPSamplerBase: Parser for application/xhtml+xml is org.apache.jmeter.protocol.http.parser.LagartoBasedHtmlParser
2018-08-01 10:56:02,443 INFO o.a.j.p.h.s.HTTPSamplerBase: Parser for application/xml is org.apache.jmeter.protocol.http.parser.LagartoBasedHtmlParser
2018-08-01 10:56:02,443 INFO o.a.j.p.h.s.HTTPSamplerBase: Parser for text/xml is org.apache.jmeter.protocol.http.parser.LagartoBasedHtmlParser
2018-08-01 10:56:02,444 INFO o.a.j.p.h.s.HTTPSamplerBase: Parser for text/vnd.wap.wml is org.apache.jmeter.protocol.http.parser.RegexpHTMLParser
2018-08-01 10:56:02,444 INFO o.a.j.p.h.s.HTTPSamplerBase: Parser for text/css is org.apache.jmeter.protocol.http.parser.CssParser
2018-08-01 10:56:02,624 INFO o.a.j.JMeter: Creating summariser <summary>
2018-08-01 10:56:02,635 INFO o.a.j.r.d.ReportGenerator: ReportGenerator will use for Parsing the separator: ','
2018-08-01 10:56:02,635 INFO o.a.j.r.d.ReportGenerator: Will generate report at end of test from  results file: iotvms.jtl
2018-08-01 10:56:02,635 INFO o.a.j.r.d.ReportGenerator: Reading report generator properties from: D:\usr\apache-jmeter-4.0\bin\reportgenerator.properties
2018-08-01 10:56:02,653 INFO o.a.j.r.d.ReportGenerator: Merging with JMeter properties
2018-08-01 10:56:02,677 INFO o.a.j.r.c.ReportGeneratorConfiguration: Property 'jmeter.reportgenerator.temp_dir' not found, using default value 'temp' instead.
2018-08-01 10:56:02,683 INFO o.a.j.r.c.ReportGeneratorConfiguration: Property 'jmeter.reportgenerator.apdex_per_transaction' not found, using default value 'null' instead.
2018-08-01 10:56:02,683 INFO o.a.j.r.c.ReportGeneratorConfiguration: apdex_per_transaction : {} is empty, not APDEX per transaction customization
2018-08-01 10:56:02,684 INFO o.a.j.r.c.ReportGeneratorConfiguration: Property 'jmeter.reportgenerator.sample_filter' not found, using default value 'null' instead.
2018-08-01 10:56:02,684 INFO o.a.j.r.c.ReportGeneratorConfiguration: Property 'jmeter.reportgenerator.report_title' not found, using default value 'null' instead.
2018-08-01 10:56:02,684 INFO o.a.j.r.c.ReportGeneratorConfiguration: Property 'jmeter.reportgenerator.start_date' not found, using default value 'null' instead.
2018-08-01 10:56:02,684 INFO o.a.j.r.c.ReportGeneratorConfiguration: Property 'jmeter.reportgenerator.end_date' not found, using default value 'null' instead.
2018-08-01 10:56:02,684 INFO o.a.j.r.c.ReportGeneratorConfiguration: Property 'jmeter.reportgenerator.date_format' not found, using default value 'null' instead.
2018-08-01 10:56:02,685 INFO o.a.j.r.c.ReportGeneratorConfiguration: Will use date range start date: null, end date: null
2018-08-01 10:56:02,701 INFO o.a.j.r.c.ReportGeneratorConfiguration: Property 'jmeter.reportgenerator.graph.activeThreadsOverTime.exclude_controllers' not found, using default value 'false' instead.
2018-08-01 10:56:02,703 INFO o.a.j.r.c.ReportGeneratorConfiguration: Property 'jmeter.reportgenerator.graph.timeVsThreads.exclude_controllers' not found, using default value 'false' instead.
2018-08-01 10:56:02,703 INFO o.a.j.r.c.ReportGeneratorConfiguration: Property 'jmeter.reportgenerator.graph.responseTimeDistribution.exclude_controllers' not found, using default value 'false' instead.
2018-08-01 10:56:02,703 INFO o.a.j.r.c.ReportGeneratorConfiguration: Property 'jmeter.reportgenerator.graph.transactionsPerSecond.exclude_controllers' not found, using default value 'false' instead.
2018-08-01 10:56:02,704 INFO o.a.j.r.c.ReportGeneratorConfiguration: Property 'jmeter.reportgenerator.graph.responseTimePercentiles.exclude_controllers' not found, using default value 'false' instead.
2018-08-01 10:56:02,704 INFO o.a.j.r.c.ReportGeneratorConfiguration: Property 'jmeter.reportgenerator.graph.responseTimePercentilesOverTime.exclude_controllers' not found, using default value 'false' instead.
2018-08-01 10:56:02,705 INFO o.a.j.r.c.ReportGeneratorConfiguration: Property 'jmeter.reportgenerator.graph.responseTimesOverTime.exclude_controllers' not found, using default value 'false' instead.
2018-08-01 10:56:02,706 INFO o.a.j.r.c.ReportGeneratorConfiguration: Property 'jmeter.reportgenerator.graph.connectTimeOverTime.exclude_controllers' not found, using default value 'false' instead.
2018-08-01 10:56:02,706 INFO o.a.j.r.c.ReportGeneratorConfiguration: Property 'jmeter.reportgenerator.graph.latenciesOverTime.exclude_controllers' not found, using default value 'false' instead.
2018-08-01 10:56:02,708 INFO o.a.j.r.c.ReportGeneratorConfiguration: Property 'jmeter.reportgenerator.exporter.html.filters_only_sample_series' not found, using default value 'true' instead.
2018-08-01 10:56:02,708 INFO o.a.j.r.c.ReportGeneratorConfiguration: Property 'jmeter.reportgenerator.exporter.html.series_filter' not found, using default value '' instead.
2018-08-01 10:56:02,708 INFO o.a.j.r.c.ReportGeneratorConfiguration: Property 'jmeter.reportgenerator.exporter.html.show_controllers_only' not found, using default value 'false' instead.
2018-08-01 10:56:02,724 INFO o.a.j.e.StandardJMeterEngine: Running the test!
2018-08-01 10:56:02,743 INFO o.a.j.s.SampleEvent: List of sample_variables: []
2018-08-01 10:56:02,743 INFO o.a.j.s.SampleEvent: List of sample_variables: []
2018-08-01 10:56:02,753 INFO o.a.j.e.u.CompoundVariable: Note: Function class names must contain the string: '.functions.'
2018-08-01 10:56:02,755 INFO o.a.j.e.u.CompoundVariable: Note: Function class names must not contain the string: '.gui.'
2018-08-01 10:56:04,748 INFO o.a.j.JMeter: Running test (1533092164746)
2018-08-01 10:56:04,854 INFO o.a.j.e.StandardJMeterEngine: Starting ThreadGroup: 1 : 实时地图-获取官方站数据
2018-08-01 10:56:04,855 INFO o.a.j.e.StandardJMeterEngine: Starting 1 threads for group 实时地图-获取官方站数据.
2018-08-01 10:56:04,856 INFO o.a.j.e.StandardJMeterEngine: Thread will continue on error
2018-08-01 10:56:04,856 INFO o.a.j.t.ThreadGroup: Starting thread group... number=1 threads=1 ramp-up=1 perThread=1000.0 delayedStart=false
2018-08-01 10:56:04,868 INFO o.a.j.t.ThreadGroup: Started thread group number 1
2018-08-01 10:56:04,869 INFO o.a.j.e.StandardJMeterEngine: Waiting for thread group: 实时地图-获取官方站数据 to finish before starting next group
2018-08-01 10:56:04,877 INFO o.a.j.t.JMeterThread: Thread started: 实时地图-获取官方站数据 1-1
2018-08-01 10:56:05,049 INFO o.a.j.p.h.s.HTTPHCAbstractImpl: Local host = USER-20180621PV
2018-08-01 10:56:05,065 INFO o.a.j.p.h.s.HTTPHC4Impl: HTTP request retry count = 0
2018-08-01 10:56:05,082 INFO o.a.j.s.SampleResult: Note: Sample TimeStamps are START times
2018-08-01 10:56:05,083 INFO o.a.j.s.SampleResult: sampleresult.default.encoding is set to ISO-8859-1
2018-08-01 10:56:05,083 INFO o.a.j.s.SampleResult: sampleresult.useNanoTime=true
2018-08-01 10:56:05,083 INFO o.a.j.s.SampleResult: sampleresult.nanoThreadSleep=5000
2018-08-01 10:56:06,164 INFO o.a.j.t.JMeterThread: Thread is done: 实时地图-获取官方站数据 1-1
2018-08-01 10:56:06,165 INFO o.a.j.t.JMeterThread: Thread finished: 实时地图-获取官方站数据 1-1
2018-08-01 10:56:06,187 INFO o.a.j.e.StandardJMeterEngine: Starting ThreadGroup: 2 : 实时地图-获取车辆实时数据
2018-08-01 10:56:06,187 INFO o.a.j.e.StandardJMeterEngine: Starting 1 threads for group 实时地图-获取车辆实时数据.
2018-08-01 10:56:06,188 INFO o.a.j.e.StandardJMeterEngine: Thread will continue on error
2018-08-01 10:56:06,188 INFO o.a.j.t.ThreadGroup: Starting thread group... number=2 threads=1 ramp-up=1 perThread=1000.0 delayedStart=false
2018-08-01 10:56:06,190 INFO o.a.j.t.ThreadGroup: Started thread group number 2
2018-08-01 10:56:06,191 INFO o.a.j.e.StandardJMeterEngine: All thread groups have been started
2018-08-01 10:56:06,308 INFO o.a.j.t.JMeterThread: Thread started: 实时地图-获取车辆实时数据 2-1
2018-08-01 10:56:06,397 INFO o.a.j.t.JMeterThread: Thread is done: 实时地图-获取车辆实时数据 2-1
2018-08-01 10:56:06,398 INFO o.a.j.t.JMeterThread: Thread finished: 实时地图-获取车辆实时数据 2-1
2018-08-01 10:56:06,407 INFO o.a.j.e.StandardJMeterEngine: Notifying test listeners of end of test
2018-08-01 10:56:06,410 INFO o.a.j.r.Summariser: summary =      4 in 00:00:02 =    2.4/s Avg:   188 Min:    29 Max:   644 Err:     0 (0.00%)
2018-08-01 10:56:06,411 INFO o.a.j.JMeter: Generating Dashboard
2018-08-01 10:56:06,411 INFO o.a.j.r.d.ReportGenerator: Flushing result collector before report Generation
2018-08-01 10:56:06,470 INFO o.a.j.r.p.NormalizerSampleConsumer: Using format, 'ms', to parse timeStamp field
2018-08-01 10:56:07,246 INFO o.a.j.r.p.AbstractSampleConsumer: class org.apache.jmeter.report.processor.AggregateConsumer#stopProducing(): beginDate produced 0 samples
2018-08-01 10:56:07,246 INFO o.a.j.r.p.AbstractSampleConsumer: class org.apache.jmeter.report.processor.AggregateConsumer#stopProducing(): endDate produced 0 samples
2018-08-01 10:56:07,253 INFO o.a.j.r.p.AbstractSampleConsumer: class org.apache.jmeter.report.processor.ApdexSummaryConsumer#stopProducing(): apdexSummary produced 0 samples
2018-08-01 10:56:07,253 INFO o.a.j.r.p.AbstractSampleConsumer: class org.apache.jmeter.report.processor.RequestsSummaryConsumer#stopProducing(): requestsSummary produced 0 samples
2018-08-01 10:56:07,308 INFO o.a.j.r.p.AbstractSampleConsumer: class org.apache.jmeter.report.processor.StatisticsSummaryConsumer#stopProducing(): statisticsSummary produced 0 samples
2018-08-01 10:56:07,375 INFO o.a.j.r.p.AbstractSampleConsumer: class org.apache.jmeter.report.processor.Top5ErrorsBySamplerConsumer#stopProducing(): top5ErrorsBySampler produced 0 samples
2018-08-01 10:56:07,375 INFO o.a.j.r.p.AbstractSampleConsumer: class org.apache.jmeter.report.processor.ErrorsSummaryConsumer#stopProducing(): errorsSummary produced 0 samples
2018-08-01 10:56:07,385 INFO o.a.j.r.p.AbstractSampleConsumer: class org.apache.jmeter.report.processor.graph.impl.HitsPerSecondGraphConsumer#stopProducing(): hitsPerSecond produced 0 samples
2018-08-01 10:56:07,448 INFO o.a.j.r.p.AbstractSampleConsumer: class org.apache.jmeter.report.processor.graph.impl.LatencyVSRequestGraphConsumer#stopProducing(): latencyVsRequest produced 0 samples
2018-08-01 10:56:07,449 INFO o.a.j.r.p.AbstractSampleConsumer: class org.apache.jmeter.report.processor.graph.impl.SyntheticResponseTimeDistributionGraphConsumer#stopProducing(): syntheticResponseTimeDistribution produced 0 samples
2018-08-01 10:56:07,450 INFO o.a.j.r.p.AbstractSampleConsumer: class org.apache.jmeter.report.processor.graph.impl.BytesThroughputGraphConsumer#stopProducing(): bytesThroughputOverTime produced 0 samples
2018-08-01 10:56:07,451 INFO o.a.j.r.p.AbstractSampleConsumer: class org.apache.jmeter.report.processor.graph.impl.CodesPerSecondGraphConsumer#stopProducing(): codesPerSecond produced 0 samples
2018-08-01 10:56:07,463 INFO o.a.j.r.p.AbstractSampleConsumer: class org.apache.jmeter.report.processor.graph.impl.ResponseTimeVSRequestGraphConsumer#stopProducing(): responseTimeVsRequest produced 0 samples
2018-08-01 10:56:07,467 INFO o.a.j.r.p.AbstractSampleConsumer: class org.apache.jmeter.report.processor.FilterConsumer#stopProducing(): startIntervalControlerFilter produced 28 samples
2018-08-01 10:56:07,467 INFO o.a.j.r.p.AbstractSampleConsumer: class org.apache.jmeter.report.processor.graph.impl.ActiveThreadsGraphConsumer#stopProducing(): activeThreadsOverTime produced 0 samples
2018-08-01 10:56:07,472 INFO o.a.j.r.p.AbstractSampleConsumer: class org.apache.jmeter.report.processor.graph.impl.TimeVSThreadGraphConsumer#stopProducing(): timeVsThreads produced 0 samples
2018-08-01 10:56:07,473 INFO o.a.j.r.p.AbstractSampleConsumer: class org.apache.jmeter.report.processor.graph.impl.ResponseTimeDistributionGraphConsumer#stopProducing(): responseTimeDistribution produced 0 samples
2018-08-01 10:56:07,474 INFO o.a.j.r.p.AbstractSampleConsumer: class org.apache.jmeter.report.processor.graph.impl.TransactionsPerSecondGraphConsumer#stopProducing(): transactionsPerSecond produced 0 samples
2018-08-01 10:56:07,474 INFO o.a.j.r.p.AbstractSampleConsumer: class org.apache.jmeter.report.processor.graph.impl.ResponseTimePercentilesGraphConsumer#stopProducing(): responseTimePercentiles produced 0 samples
2018-08-01 10:56:07,479 INFO o.a.j.r.p.AbstractSampleConsumer: class org.apache.jmeter.report.processor.graph.impl.ResponseTimePercentilesOverTimeGraphConsumer#stopProducing(): responseTimePercentilesOverTime produced 0 samples
2018-08-01 10:56:07,479 INFO o.a.j.r.p.AbstractSampleConsumer: class org.apache.jmeter.report.processor.graph.impl.ResponseTimeOverTimeGraphConsumer#stopProducing(): responseTimesOverTime produced 0 samples
2018-08-01 10:56:07,480 INFO o.a.j.r.p.AbstractSampleConsumer: class org.apache.jmeter.report.processor.graph.impl.ConnectTimeOverTimeGraphConsumer#stopProducing(): connectTimeOverTime produced 0 samples
2018-08-01 10:56:07,481 INFO o.a.j.r.p.AbstractSampleConsumer: class org.apache.jmeter.report.processor.graph.impl.LatencyOverTimeGraphConsumer#stopProducing(): latenciesOverTime produced 0 samples
2018-08-01 10:56:07,482 INFO o.a.j.r.p.AbstractSampleConsumer: class org.apache.jmeter.report.processor.FilterConsumer#stopProducing(): nameFilter produced 56 samples
2018-08-01 10:56:07,482 INFO o.a.j.r.p.AbstractSampleConsumer: class org.apache.jmeter.report.processor.FilterConsumer#stopProducing(): dateRangeFilter produced 12 samples
2018-08-01 10:56:07,482 INFO o.a.j.r.p.AbstractSampleConsumer: class org.apache.jmeter.report.processor.NormalizerSampleConsumer#stopProducing(): normalizer produced 4 samples
2018-08-01 10:56:07,484 INFO o.a.j.r.p.CsvFileSampleSource: produce(): 4 samples produced in 938ms on channel 0
2018-08-01 10:56:07,484 INFO o.a.j.r.d.ReportGenerator: Exporting data using exporter:'html' of className:'org.apache.jmeter.report.dashboard.HtmlTemplateExporter'
2018-08-01 10:56:07,492 INFO o.a.j.r.d.HtmlTemplateExporter: Will generate dashboard in folder: D:\code\jmeter\iotrvms\result
2018-08-01 10:56:07,858 INFO o.a.j.r.d.HtmlTemplateExporter: Report will be generated in: D:\code\jmeter\iotrvms\result, creating folder structure
2018-08-01 10:56:10,125 INFO o.a.j.JMeter: Dashboard generated
